Arguments: 
  C:\Program Files\nodejs\node.exe C:\Users\hp\AppData\Roaming\npm\node_modules\yarn\bin\yarn.js install --save

PATH: 
  C:\Program Files\Common Files\Oracle\Java\javapath;C:\Program Files (x86)\Common Files\Oracle\Java\javapath;D:\SQL\dbhomeXE\bin;C:\windows;C:\windows\System32\Wbem;C:\windows\System32\WindowsPowerShell\v1.0\;C:\windows\System32\OpenSSH\;C:\Program Files (x86)\NVIDIA Corporation\PhysX\Common;C:\Program Files\NVIDIA Corporation\NVIDIA NvDLISR;D:\SEM 1\MATHS\runtime\win64;C:\Program Files\Java\jdk-15.0.2\bin;C:\MinGW\bin;C:\WINDOWS\system32;C:\WINDOWS;C:\WINDOWS\System32\Wbem;C:\WINDOWS\System32\WindowsPowerShell\v1.0\;C:\WINDOWS\System32\OpenSSH\;C:\Program Files\Git\cmd;C:\ProgramData\chocolatey\bin;C:\Users\hp\AppData\Local\Programs\Python\Python37;C:\Users\hp\AppData\Local\Programs\Python\Python37\Scripts;C:\Users\hp\AppData\Roaming\npm;C:\Users\hp\AppData\Local\Android\Sdk\platform-tools;ANDROID_HOME\emulator;ANDROID_HOME\tools;ANDROID_HOME\tools\bin;ANDROID_HOME\platform-tools;C:\Program Files\nodejs\;C:\Program Files\R\R-4.0.5\bin;C:\Program Files\R\R-4.0.5\bin\x64;C:\Program Files\R\R-4.0.5\bin\x64\R.exe;C:\Program Files\R\R-4.0.5\bin\x64\Rscript.exe;C:\Users\hp\AppData\Local\Programs\Python\Python37\Scripts\;C:\Users\hp\AppData\Local\Programs\Python\Python37\;C:\Users\hp\AppData\Local\Microsoft\WindowsApps;D:\JAVA\Microsoft VS Code\bin;D:\altera\13.0\modelsim_ase\win32aloem;C:\Program Files\MongoDB\Server\4.4\bin;C:\Users\hp\AppData\Roaming\npm;C:\Users\hp\.android\avd;C:\Users\hp\.android;C:\Users\hp\AppData\Local\Android\Sdk\platform-tools;ANDROID_HOME\emulator;ANDROID_HOME\tools;ANDROID_HOME\tools\bin;ANDROID_HOME\platform-tools;C:\Program Files\R\R-4.0.5\bin;C:\Program Files\R\R-4.0.5\bin\x64;C:\Program Files\R\R-4.0.5\bin\x64\R.exe;C:\Program Files\R\R-4.0.5\bin\x64\Rscript.exe;

Yarn version: 
  1.22.10

Node version: 
  16.0.0

Platform: 
  win32 x64

Trace: 
  SyntaxError: D:\JAVA\version-ctrl\package.json: Unexpected token } in JSON at position 825
      at JSON.parse (<anonymous>)
      at C:\Users\hp\AppData\Roaming\npm\node_modules\yarn\lib\cli.js:1625:59
      at Generator.next (<anonymous>)
      at step (C:\Users\hp\AppData\Roaming\npm\node_modules\yarn\lib\cli.js:310:30)
      at C:\Users\hp\AppData\Roaming\npm\node_modules\yarn\lib\cli.js:321:13

npm manifest: 
  {
    "name": "version-ctrl",
    "version": "1.0.0",
    "description": "This project was bootstrapped with [Create React App](https://github.com/facebook/create-react-app).",
    "main": "server.js",
    "dependencies": {
      "body-parser": "^1.19.0",
      "bootstrap": "^4.6.0",
      "concurrently": "^6.0.0",
      "cors": "^2.8.5",
      "diagram-library-react": "^1.0.0",
      "dotenv": "^8.2.0",
      "ejs": "^3.1.6",
      "express": "^4.17.1",
      "express-fileupload": "^1.2.1",
      "flatted": "^3.1.1",
      "html-loader": "^2.1.2",
      "http-proxy-middleware": "^1.0.6",
      "jquery": "^3.6.0",
      "mongoose": "^5.12.1",
      "multer": "^1.4.2",
      "nodemon": "^2.0.7",
      "react-bootstrap": "^1.5.0",
      "react-burger-menu": "^3.0.6",
      "react-router-config": "^5.1.1",
      "react-router-dom": "^5.2.0",
      "uuid": "^8.3.2",
    },
    "devDependencies": {},
    "scripts": {
      "test": "echo \"Error: no test specified\" && exit 1",
      "start": "node server.js",
      "server": "nodemon server.js",
      "client": "npm start --prefix client",
      "dev": "concurrently \"npm run client\" \"npm run server\""
    },
    "keywords": [],
    "author": "",
    "license": "ISC"
  }

yarn manifest: 
  No manifest

Lockfile: 
  No lockfile
